# JRE version: Java(TM) SE Runtime Environment (20.0.2+9) (build 20.0.2+9-78)
# Java VM: Java HotSpot(TM) 64-Bit Server VM (20.0.2+9-78, mixed mode, sharing, tiered, compressed oops, compressed class ptrs, g1 gc, windows-amd64)
GC Precious Log:
 CardTable entry size: 512
 Card Set container configuration: InlinePtr #cards 5 size 8 Array Of Cards #cards 12 size 40 Howl #buckets 4 coarsen threshold 1843 Howl Bitmap #cards 512 size 80 coarsen threshold 460 Card regions per heap region 1 cards per card region 2048
 CPUs: 8 total, 8 available
 Memory: 7975M
 Large Page Support: Disabled
 NUMA Support: Disabled
 Compressed Oops: Enabled (32-bit)
 Heap Region Size: 1M
 Heap Min Capacity: 8M
 Heap Initial Capacity: 126M
 Heap Max Capacity: 1994M
 Pre-touch: Disabled
 Parallel Workers: 8
 Concurrent Workers: 2
 Concurrent Refinement Workers: 8
 Periodic GC: Disabled
Heap:
 garbage-first heap   total 129024K, used 14834K [0x0000000083600000, 0x0000000100000000)
  region size 1024K, 7 young (7168K), 6 survivors (6144K)
 Metaspace       used 15628K, committed 15872K, reserved 1114112K
  class space    used 1412K, committed 1536K, reserved 1048576K
GC Heap History (20 events):
Event: 34.086 GC heap before
{Heap before GC invocations=2 (full 0):
 garbage-first heap   total 129024K, used 79517K [0x0000000083600000, 0x0000000100000000)
  region size 1024K, 75 young (76800K), 1 survivors (1024K)
 Metaspace       used 15224K, committed 15488K, reserved 1114112K
  class space    used 1409K, committed 1536K, reserved 1048576K
}
Event: 34.089 GC heap after
{Heap after GC invocations=3 (full 0):
 garbage-first heap   total 129024K, used 6035K [0x0000000083600000, 0x0000000100000000)
  region size 1024K, 3 young (3072K), 3 survivors (3072K)
 Metaspace       used 15224K, committed 15488K, reserved 1114112K
  class space    used 1409K, committed 1536K, reserved 1048576K
}
Event: 37.131 GC heap before
{Heap before GC invocations=3 (full 0):
 garbage-first heap   total 129024K, used 79763K [0x0000000083600000, 0x0000000100000000)
  region size 1024K, 75 young (76800K), 3 survivors (3072K)
 Metaspace       used 15337K, committed 15552K, reserved 1114112K
  class space    used 1410K, committed 1536K, reserved 1048576K
}
Event: 37.133 GC heap after
{Heap after GC invocations=4 (full 0):
 garbage-first heap   total 129024K, used 7093K [0x0000000083600000, 0x0000000100000000)
  region size 1024K, 4 young (4096K), 4 survivors (4096K)
 Metaspace       used 15337K, committed 15552K, reserved 1114112K
  class space    used 1410K, committed 1536K, reserved 1048576K
}
Event: 40.292 GC heap before
{Heap before GC invocations=4 (full 0):
 garbage-first heap   total 129024K, used 79797K [0x0000000083600000, 0x0000000100000000)
  region size 1024K, 75 young (76800K), 4 survivors (4096K)
 Metaspace       used 15364K, committed 15616K, reserved 1114112K
  class space    used 1410K, committed 1536K, reserved 1048576K
}
Event: 40.295 GC heap after
{Heap after GC invocations=5 (full 0):
 garbage-first heap   total 129024K, used 8188K [0x0000000083600000, 0x0000000100000000)
  region size 1024K, 5 young (5120K), 5 survivors (5120K)
 Metaspace       used 15364K, committed 15616K, reserved 1114112K
  class space    used 1410K, committed 1536K, reserved 1048576K
}
Event: 81.787 GC heap before
{Heap before GC invocations=5 (full 0):
 garbage-first heap   total 129024K, used 79868K [0x0000000083600000, 0x0000000100000000)
  region size 1024K, 75 young (76800K), 5 survivors (5120K)
 Metaspace       used 15587K, committed 15872K, reserved 1114112K
  class space    used 1410K, committed 1536K, reserved 1048576K
}
Event: 81.790 GC heap after
{Heap after GC invocations=6 (full 0):
 garbage-first heap   total 129024K, used 9003K [0x0000000083600000, 0x0000000100000000)
  region size 1024K, 6 young (6144K), 6 survivors (6144K)
 Metaspace       used 15587K, committed 15872K, reserved 1114112K
  class space    used 1410K, committed 1536K, reserved 1048576K
}
Event: 84.892 GC heap before
{Heap before GC invocations=6 (full 0):
 garbage-first heap   total 129024K, used 79659K [0x0000000083600000, 0x0000000100000000)
  region size 1024K, 75 young (76800K), 6 survivors (6144K)
 Metaspace       used 15617K, committed 15872K, reserved 1114112K
  class space    used 1411K, committed 1536K, reserved 1048576K
}
Event: 84.897 GC heap after
{Heap after GC invocations=7 (full 0):
 garbage-first heap   total 129024K, used 9671K [0x0000000083600000, 0x0000000100000000)
  region size 1024K, 6 young (6144K), 6 survivors (6144K)
 Metaspace       used 15617K, committed 15872K, reserved 1114112K
  class space    used 1411K, committed 1536K, reserved 1048576K
}
Event: 88.043 GC heap before
{Heap before GC invocations=7 (full 0):
 garbage-first heap   total 129024K, used 80327K [0x0000000083600000, 0x0000000100000000)
  region size 1024K, 75 young (76800K), 6 survivors (6144K)
 Metaspace       used 15620K, committed 15872K, reserved 1114112K
  class space    used 1411K, committed 1536K, reserved 1048576K
}
Event: 88.047 GC heap after
{Heap after GC invocations=8 (full 0):
 garbage-first heap   total 129024K, used 10914K [0x0000000083600000, 0x0000000100000000)
  region size 1024K, 5 young (5120K), 5 survivors (5120K)
 Metaspace       used 15620K, committed 15872K, reserved 1114112K
  class space    used 1411K, committed 1536K, reserved 1048576K
}
Event: 91.305 GC heap before
{Heap before GC invocations=8 (full 0):
 garbage-first heap   total 129024K, used 82594K [0x0000000083600000, 0x0000000100000000)
  region size 1024K, 75 young (76800K), 5 survivors (5120K)
 Metaspace       used 15623K, committed 15872K, reserved 1114112K
  class space    used 1412K, committed 1536K, reserved 1048576K
}
Event: 91.307 GC heap after
{Heap after GC invocations=9 (full 0):
 garbage-first heap   total 129024K, used 11551K [0x0000000083600000, 0x0000000100000000)
  region size 1024K, 6 young (6144K), 6 survivors (6144K)
 Metaspace       used 15623K, committed 15872K, reserved 1114112K
  class space    used 1412K, committed 1536K, reserved 1048576K
}
Event: 94.548 GC heap before
{Heap before GC invocations=9 (full 0):
 garbage-first heap   total 129024K, used 82207K [0x0000000083600000, 0x0000000100000000)
  region size 1024K, 75 young (76800K), 6 survivors (6144K)
 Metaspace       used 15623K, committed 15872K, reserved 1114112K
  class space    used 1412K, committed 1536K, reserved 1048576K
}
Event: 94.552 GC heap after
{Heap after GC invocations=10 (full 0):
 garbage-first heap   total 129024K, used 12882K [0x0000000083600000, 0x0000000100000000)
  region size 1024K, 6 young (6144K), 6 survivors (6144K)
 Metaspace       used 15623K, committed 15872K, reserved 1114112K
  class space    used 1412K, committed 1536K, reserved 1048576K
}
Event: 97.759 GC heap before
{Heap before GC invocations=10 (full 0):
 garbage-first heap   total 129024K, used 83538K [0x0000000083600000, 0x0000000100000000)
  region size 1024K, 75 young (76800K), 6 survivors (6144K)
 Metaspace       used 15625K, committed 15872K, reserved 1114112K
  class space    used 1412K, committed 1536K, reserved 1048576K
}
Event: 97.764 GC heap after
{Heap after GC invocations=11 (full 0):
 garbage-first heap   total 129024K, used 13850K [0x0000000083600000, 0x0000000100000000)
  region size 1024K, 6 young (6144K), 6 survivors (6144K)
 Metaspace       used 15625K, committed 15872K, reserved 1114112K
  class space    used 1412K, committed 1536K, reserved 1048576K
}
Event: 100.911 GC heap before
{Heap before GC invocations=11 (full 0):
 garbage-first heap   total 129024K, used 84506K [0x0000000083600000, 0x0000000100000000)
  region size 1024K, 75 young (76800K), 6 survivors (6144K)
 Metaspace       used 15628K, committed 15872K, reserved 1114112K
  class space    used 1412K, committed 1536K, reserved 1048576K
}
Event: 100.914 GC heap after
{Heap after GC invocations=12 (full 0):
 garbage-first heap   total 129024K, used 14834K [0x0000000083600000, 0x0000000100000000)
  region size 1024K, 6 young (6144K), 6 survivors (6144K)
 Metaspace       used 15628K, committed 15872K, reserved 1114112K
  class space    used 1412K, committed 1536K, reserved 1048576K
}

